2021-12-17 13:53:34.505 +06:00 [INF] Application Starting up
2021-12-17 13:53:43.055 +06:00 [FTL] Application start-up failed
Autofac.Core.Activators.Reflection.NoConstructorsFoundException: No accessible constructors were found for the type 'Booking.com.Flights.UnitOfWorks.IFlightsUnitOfWork'.
   at Autofac.Core.Activators.Reflection.DefaultConstructorFinder.GetDefaultPublicConstructors(Type type)
   at Autofac.Core.Activators.Reflection.DefaultConstructorFinder.FindConstructors(Type targetType)
   at Autofac.Core.Activators.Reflection.ReflectionActivator.ConfigurePipeline(IComponentRegistryServices componentRegistryServices, IResolvePipelineBuilder pipelineBuilder)
   at Autofac.Core.Registration.ComponentRegistration.BuildResolvePipeline(IComponentRegistryServices registryServices, IResolvePipelineBuilder pipelineBuilder)
   at Autofac.Core.Registration.ComponentRegistration.BuildResolvePipeline(IComponentRegistryServices registryServices)
   at Autofac.Core.Registration.ComponentRegistryBuilder.Build()
   at Autofac.ContainerBuilder.Build(ContainerBuildOptions options)
   at Autofac.Extensions.DependencyInjection.AutofacServiceProviderFactory.CreateServiceProvider(ContainerBuilder containerBuilder)
   at Microsoft.Extensions.Hosting.Internal.ServiceFactoryAdapter`1.CreateServiceProvider(Object containerBuilder)
   at Microsoft.Extensions.Hosting.HostBuilder.CreateServiceProvider()
   at Microsoft.Extensions.Hosting.HostBuilder.Build()
   at Booking.com.Web.Program.Main(String[] args) in D:\Code\AspNET\.Net\ASP.NET\Booking.com\Booking.com\Booking.com.Web\Program.cs:line 31
2021-12-17 14:01:22.328 +06:00 [INF] Application Starting up
2021-12-17 14:01:26.602 +06:00 [FTL] Application start-up failed
Autofac.Core.Activators.Reflection.NoConstructorsFoundException: No accessible constructors were found for the type 'Booking.com.Flights.UnitOfWorks.IFlightsUnitOfWork'.
   at Autofac.Core.Activators.Reflection.DefaultConstructorFinder.GetDefaultPublicConstructors(Type type)
   at Autofac.Core.Activators.Reflection.DefaultConstructorFinder.FindConstructors(Type targetType)
   at Autofac.Core.Activators.Reflection.ReflectionActivator.ConfigurePipeline(IComponentRegistryServices componentRegistryServices, IResolvePipelineBuilder pipelineBuilder)
   at Autofac.Core.Registration.ComponentRegistration.BuildResolvePipeline(IComponentRegistryServices registryServices, IResolvePipelineBuilder pipelineBuilder)
   at Autofac.Core.Registration.ComponentRegistration.BuildResolvePipeline(IComponentRegistryServices registryServices)
   at Autofac.Core.Registration.ComponentRegistryBuilder.Build()
   at Autofac.ContainerBuilder.Build(ContainerBuildOptions options)
   at Autofac.Extensions.DependencyInjection.AutofacServiceProviderFactory.CreateServiceProvider(ContainerBuilder containerBuilder)
   at Microsoft.Extensions.Hosting.Internal.ServiceFactoryAdapter`1.CreateServiceProvider(Object containerBuilder)
   at Microsoft.Extensions.Hosting.HostBuilder.CreateServiceProvider()
   at Microsoft.Extensions.Hosting.HostBuilder.Build()
   at Booking.com.Web.Program.Main(String[] args) in D:\Code\AspNET\.Net\ASP.NET\Booking.com\Booking.com\Booking.com.Web\Program.cs:line 31
2021-12-17 14:07:16.872 +06:00 [INF] Application Starting up
